<?xml version="1.0" encoding="utf-8"?><testsuites><testsuite name="pytest" errors="0" failures="0" skipped="2" tests="49" time="1.139" timestamp="2025-10-16T08:50:54.031178" hostname="MCSWKS01006"><testcase classname="tests.test_boost_coverage.TestMainModuleSimple" name="test_setup_logging_basic_levels" time="0.006" /><testcase classname="tests.test_boost_coverage.TestMainModuleSimple" name="test_setup_logging_with_file_param" time="0.002" /><testcase classname="tests.test_boost_coverage.TestMainModuleSimple" name="test_validate_test_args_missing_cookie" time="0.002" /><testcase classname="tests.test_boost_coverage.TestMainModuleSimple" name="test_validate_test_args_missing_url" time="0.002" /><testcase classname="tests.test_boost_coverage.TestMainModuleSimple" name="test_validate_test_args_success" time="0.001" /><testcase classname="tests.test_boost_coverage.TestWigorApiSimple" name="test_extract_cookies_string_cases" time="0.001" /><testcase classname="tests.test_boost_coverage.TestWigorApiSimple" name="test_extract_page_title_variations" time="0.002" /><testcase classname="tests.test_boost_coverage.TestWigorApiSimple" name="test_fetch_wigor_html_status_codes" time="0.011" /><testcase classname="tests.test_boost_coverage.TestWigorApiSimple" name="test_fetch_wigor_html_with_cookie" time="0.007" /><testcase classname="tests.test_boost_coverage.TestWigorApiSimple" name="test_find_login_form_cases" time="0.003" /><testcase classname="tests.test_boost_coverage.TestWigorApiSimple" name="test_parse_cookie_header_variations" time="0.001" /><testcase classname="tests.test_boost_coverage.TestWigorApiSimple" name="test_save_debug_html_scenarios" time="0.002" /><testcase classname="tests.test_boost_coverage.TestTimetableParserSimple" name="test_closest_day_cases" time="0.001" /><testcase classname="tests.test_boost_coverage.TestTimetableParserSimple" name="test_extract_course_info_cases" time="0.002" /><testcase classname="tests.test_boost_coverage.TestTimetableParserSimple" name="test_extract_left_position_cases" time="0.002" /><testcase classname="tests.test_boost_coverage.TestTimetableParserSimple" name="test_extract_week_date_range_cases" time="0.002" /><testcase classname="tests.test_boost_coverage.TestTimetableParserSimple" name="test_format_courses_for_display_empty" time="0.001" /><testcase classname="tests.test_boost_coverage.TestTimetableParserSimple" name="test_get_courses_by_day_empty" time="0.001" /><testcase classname="tests.test_boost_coverage.TestTimetableParserSimple" name="test_is_course_in_week_range_cases" time="0.001" /><testcase classname="tests.test_boost_coverage.TestTimetableParserSimple" name="test_map_days_cases" time="0.002" /><testcase classname="tests.test_boost_coverage.TestTimetableParserSimple" name="test_parse_date_from_header_cases" time="0.001" /><testcase classname="tests.test_boost_coverage.TestTimetableParserSimple" name="test_sort_courses_by_date_and_time_cases" time="0.001" /><testcase classname="tests.test_boost_coverage.TestWigorApiPrivateFunctions" name="test_extract_form_data_simple" time="0.002" /><testcase classname="tests.test_boost_coverage.TestWigorApiPrivateFunctions" name="test_find_cas_login_url_cases" time="0.002" /><testcase classname="tests.test_boost_coverage.TestWigorApiPrivateFunctions" name="test_find_redirect_url_cases" time="0.002" /><testcase classname="tests.test_boost_coverage.TestWigorApiPrivateFunctions" name="test_get_form_action_simple" time="0.001" /><testcase classname="tests.test_functional.TestWigorApiFunctional" name="test_extract_page_title_various_cases" time="0.002" /><testcase classname="tests.test_functional.TestWigorApiFunctional" name="test_parse_cookie_header_various_formats" time="0.001" /><testcase classname="tests.test_functional.TestTimetableParserFunctional" name="test_parse_empty_html" time="0.003" /><testcase classname="tests.test_functional.TestTimetableParserFunctional" name="test_parse_minimal_valid_html" time="0.010" /><testcase classname="tests.test_functional.TestTimetableParserFunctional" name="test_sort_courses_correct_behavior" time="0.002" /><testcase classname="tests.test_functional.TestMainModuleFunctional" name="test_main_with_test_argument" time="0.003" /><testcase classname="tests.test_functional.TestMainModuleFunctional" name="test_module_imports_correctly" time="0.001" /><testcase classname="tests.test_functional.TestGuiModuleFunctional" name="test_gui_functions_importable" time="0.002"><skipped type="pytest.skip" message="Test GUI skippé en environnement CI">C:\Users\haziz\Desktop\EPSI\Workshop\WorkshopCICD\wigor_viewer\tests\test_functional.py:175: Test GUI skippé en environnement CI</skipped></testcase><testcase classname="tests.test_functional.TestGuiModuleFunctional" name="test_gui_imports_correctly" time="0.001"><skipped type="pytest.skip" message="Test GUI skippé en environnement CI">C:\Users\haziz\Desktop\EPSI\Workshop\WorkshopCICD\wigor_viewer\tests\test_functional.py:155: Test GUI skippé en environnement CI</skipped></testcase><testcase classname="tests.test_parser.TestTimetableParser" name="test_closest_day" time="0.001" /><testcase classname="tests.test_parser.TestTimetableParser" name="test_extract_course_info" time="0.002" /><testcase classname="tests.test_parser.TestTimetableParser" name="test_extract_left_position" time="0.001" /><testcase classname="tests.test_parser.TestTimetableParser" name="test_map_days_function" time="0.004" /><testcase classname="tests.test_parser.TestTimetableParser" name="test_parse_wigor_html_basic" time="0.011" /><testcase classname="tests.test_parser.TestTimetableParser" name="test_parse_wigor_html_course_details" time="0.007" /><testcase classname="tests.test_parser.TestTimetableParser" name="test_parse_wigor_html_empty" time="0.002" /><testcase classname="tests.test_parser.TestTimetableParser" name="test_parse_wigor_html_none" time="0.001" /><testcase classname="tests.test_parser.TestWigorAPI" name="test_fetch_wigor_html_error" time="0.002" /><testcase classname="tests.test_parser.TestWigorAPI" name="test_fetch_wigor_html_invalid_url" time="0.001" /><testcase classname="tests.test_parser.TestWigorAPI" name="test_fetch_wigor_html_success" time="0.007" /><testcase classname="tests.test_parser.TestWigorAPI" name="test_fetch_wigor_html_with_session" time="0.006" /><testcase classname="tests.test_parser.TestWigorAPI" name="test_parse_cookie_header" time="0.001" /><testcase classname="tests.test_parser.TestIntegration" name="test_full_workflow" time="0.011" /></testsuite></testsuites>